<?xml version="1.0" encoding="UTF-8"?>
<testng-results ignored="0" total="1" passed="1" failed="0" skipped="0">
  <reporter-output>
  </reporter-output>
  <suite started-at="2026-02-18T06:49:29 EST" name="Default suite" finished-at="2026-02-18T06:49:29 EST" duration-ms="22">
    <groups>
    </groups>
    <test started-at="2026-02-18T06:49:29 EST" name="Default test" finished-at="2026-02-18T06:49:29 EST" duration-ms="22">
      <class name="PS1">
        <test-method is-config="true" signature="beforeRun()[pri:0, instance:PS1@5af3afd9]" started-at="2026-02-18T06:49:29 EST" name="beforeRun" finished-at="2026-02-18T06:49:29 EST" duration-ms="3" status="PASS">
          <reporter-output>
          </reporter-output>
        </test-method> <!-- beforeRun -->
        <test-method signature="testrun()[pri:0, instance:PS1@5af3afd9]" started-at="2026-02-18T06:49:29 EST" name="testrun" finished-at="2026-02-18T06:49:29 EST" duration-ms="4" status="PASS">
          <reporter-output>
          </reporter-output>
        </test-method> <!-- testrun -->
        <test-method is-config="true" signature="afterrun()[pri:0, instance:PS1@5af3afd9]" started-at="2026-02-18T06:49:29 EST" name="afterrun" finished-at="2026-02-18T06:49:29 EST" duration-ms="0" status="PASS">
          <reporter-output>
          </reporter-output>
        </test-method> <!-- afterrun -->
      </class> <!-- PS1 -->
    </test> <!-- Default test -->
  </suite> <!-- Default suite -->
</testng-results>
